<?xml version="1.0" encoding="UTF-8"?>
<!-- Generated by org.testng.reporters.JUnitReportReporter -->
<testsuite skipped="0" hostname="DESKTOP-UBPG90J" name="SImple.Salesforce" tests="4" failures="0" timestamp="16 Dec 2020 09:18:25 GMT" time="41.612" errors="0">
  <testcase name="LaunchAUT" time="23.813" classname="SImple.Salesforce"/>
  <testcase name="Login" time="16.599" classname="SImple.Salesforce"/>
  <testcase name="Gettext" time="0.051" classname="SImple.Salesforce"/>
  <testcase name="CloseAUT" time="1.149" classname="SImple.Salesforce"/>
</testsuite> <!-- SImple.Salesforce -->
