<?xml version="1.0" encoding="UTF-8"?>
<!-- Generated by org.testng.reporters.JUnitReportReporter -->
<testsuite skipped="0" hostname="DESKTOP-UBPG90J" name="SImple.LaunchAUT" tests="1" failures="0" timestamp="16 Dec 2020 04:21:02 GMT" time="27.059" errors="0">
  <testcase name="LaunchAUT" time="27.059" classname="SImple.LaunchAUT"/>
</testsuite> <!-- SImple.LaunchAUT -->
