<?xml version="1.0" encoding="UTF-8"?>
<!-- Generated by org.testng.reporters.JUnitReportReporter -->
<testsuite skipped="0" hostname="DESKTOP-UBPG90J" name="SImple.LaunchAUT" tests="1" failures="0" timestamp="13 Dec 2020 20:29:44 GMT" time="32.483" errors="0">
  <testcase name="LaunchAUT" time="32.483" classname="SImple.LaunchAUT"/>
</testsuite> <!-- SImple.LaunchAUT -->
