<?xml version="1.0" encoding="UTF-8"?>
<!-- Generated by org.testng.reporters.JUnitReportReporter -->
<testsuite skipped="0" hostname="DESKTOP-UBPG90J" name="SImple.LaunchAUT" tests="1" failures="0" timestamp="14 Dec 2020 02:54:25 GMT" time="40.456" errors="0">
  <testcase name="LaunchAUT" time="40.456" classname="SImple.LaunchAUT"/>
</testsuite> <!-- SImple.LaunchAUT -->
