<?xml version="1.0" encoding="UTF-8"?>
<!-- Generated by org.testng.reporters.JUnitReportReporter -->
<testsuite skipped="0" hostname="DESKTOP-UBPG90J" name="SImple.Salesforce" tests="4" failures="0" timestamp="16 Dec 2020 09:32:34 GMT" time="51.266" errors="0">
  <testcase name="LaunchAUT" time="24.576" classname="SImple.Salesforce"/>
  <testcase name="Login" time="26.350" classname="SImple.Salesforce"/>
  <testcase name="Gettext" time="0.014" classname="SImple.Salesforce"/>
  <testcase name="CloseAUT" time="0.326" classname="SImple.Salesforce"/>
</testsuite> <!-- SImple.Salesforce -->
